<?xml version="1.0" encoding="UTF-8"?><testrun name="Tests" project="Testing" tests="4" started="4" failures="1" errors="1" ignored="0">
  <testsuite name="Tests" time="0.0" uniqueid="[engine:junit-jupiter]/[class:Tests]">
    <testcase name="testEsPasswordSegura" classname="Tests" time="0.0" displayname="testEsPasswordSegura()" uniqueid="[engine:junit-jupiter]/[class:Tests]/[method:testEsPasswordSegura()]">
      <error>java.lang.Error: Unresolved compilation problems: 
	The method esPasswordSegura(String) in the type Credencial is not applicable for the arguments ()
	The method esPasswordSegura(String) in the type Credencial is not applicable for the arguments ()

	at Tests.testEsPasswordSegura(Tests.java:24)
	at java.base/java.lang.reflect.Method.invoke(Method.java:580)
	at java.base/java.util.ArrayList.forEach(ArrayList.java:1596)
	at java.base/java.util.ArrayList.forEach(ArrayList.java:1596)

</error>
    </testcase>
    <testcase name="testModificarContraseña" classname="Tests" time="0.0" displayname="testModificarContraseña()" uniqueid="[engine:junit-jupiter]/[class:Tests]/[method:testModificarContraseña()]"/>
    <testcase name="testComprobarPassword" classname="Tests" time="0.0" displayname="testComprobarPassword()" uniqueid="[engine:junit-jupiter]/[class:Tests]/[method:testComprobarPassword()]"/>
    <testcase name="testHacerLogin" classname="Tests" time="0.0" displayname="testHacerLogin()" uniqueid="[engine:junit-jupiter]/[class:Tests]/[method:testHacerLogin()]">
      <failure>
        <expected>true</expected>
        <actual>false</actual>
        org.opentest4j.AssertionFailedError: expected: &lt;true&gt; but was: &lt;false&gt;
	at org.junit.jupiter.api.AssertionFailureBuilder.build(AssertionFailureBuilder.java:151)
	at org.junit.jupiter.api.AssertionFailureBuilder.buildAndThrow(AssertionFailureBuilder.java:132)
	at org.junit.jupiter.api.AssertTrue.failNotTrue(AssertTrue.java:63)
	at org.junit.jupiter.api.AssertTrue.assertTrue(AssertTrue.java:36)
	at org.junit.jupiter.api.AssertTrue.assertTrue(AssertTrue.java:31)
	at org.junit.jupiter.api.Assertions.assertTrue(Assertions.java:183)
	at Tests.testHacerLogin(Tests.java:42)
	at java.base/java.lang.reflect.Method.invoke(Method.java:580)
	at java.base/java.util.ArrayList.forEach(ArrayList.java:1596)
	at java.base/java.util.ArrayList.forEach(ArrayList.java:1596)


      </failure>
    </testcase>
  </testsuite>
</testrun>
